[debug] [2021-02-04T20:15:05.765Z] ----------------------------------------------------------------------
[debug] [2021-02-04T20:15:05.767Z] Command:       C:\Program Files\nodejs\node.exe C:\Users\prakash dudhat\AppData\Roaming\npm\node_modules\firebase-tools\lib\bin\firebase.js serve --only functions
[debug] [2021-02-04T20:15:05.767Z] CLI Version:   9.0.1
[debug] [2021-02-04T20:15:05.767Z] Platform:      win32
[debug] [2021-02-04T20:15:05.767Z] Node Version:  v12.14.1
[debug] [2021-02-04T20:15:05.768Z] Time:          Fri Feb 05 2021 01:45:05 GMT+0530 (India Standard Time)
[debug] [2021-02-04T20:15:05.768Z] ----------------------------------------------------------------------
[debug] [2021-02-04T20:15:05.768Z] 
[debug] [2021-02-04T20:15:05.776Z] > command requires scopes: ["email","openid","https://www.googleapis.com/auth/cloudplatformprojects.readonly","https://www.googleapis.com/auth/firebase","https://www.googleapis.com/auth/cloud-platform"]
[debug] [2021-02-04T20:15:05.777Z] > authorizing via signed-in user
[debug] [2021-02-04T20:15:05.777Z] [iam] checking project fashion-magazine-fc07f for permissions ["firebase.projects.get"]
[debug] [2021-02-04T20:15:05.780Z] >>> HTTP REQUEST POST https://cloudresourcemanager.googleapis.com/v1/projects/fashion-magazine-fc07f:testIamPermissions  
 {"permissions":["firebase.projects.get"]}
[debug] [2021-02-04T20:15:07.707Z] <<< HTTP RESPONSE 200 {"content-type":"application/json; charset=UTF-8","vary":"X-Origin, Referer, Origin,Accept-Encoding","date":"Thu, 04 Feb 2021 20:15:07 GMT","server":"ESF","cache-control":"private","x-xss-protection":"0","x-frame-options":"SAMEORIGIN","x-content-type-options":"nosniff","server-timing":"gfet4t7; dur=1417","alt-svc":"h3-29=\":443\"; ma=2592000,h3-T051=\":443\"; ma=2592000,h3-Q050=\":443\"; ma=2592000,h3-Q046=\":443\"; ma=2592000,h3-Q043=\":443\"; ma=2592000,quic=\":443\"; ma=2592000; v=\"46,43\"","accept-ranges":"none","transfer-encoding":"chunked"}
[debug] [2021-02-04T20:15:07.708Z] >>> HTTP REQUEST GET https://firebase.googleapis.com/v1beta1/projects/fashion-magazine-fc07f  
 
[debug] [2021-02-04T20:15:08.666Z] <<< HTTP RESPONSE 200 {"content-type":"application/json; charset=UTF-8","vary":"X-Origin, Referer, Origin,Accept-Encoding","date":"Thu, 04 Feb 2021 20:15:08 GMT","server":"ESF","cache-control":"private","x-xss-protection":"0","x-frame-options":"SAMEORIGIN","x-content-type-options":"nosniff","alt-svc":"h3-29=\":443\"; ma=2592000,h3-T051=\":443\"; ma=2592000,h3-Q050=\":443\"; ma=2592000,h3-Q046=\":443\"; ma=2592000,h3-Q043=\":443\"; ma=2592000,quic=\":443\"; ma=2592000; v=\"46,43\"","accept-ranges":"none","transfer-encoding":"chunked"}
[info] +  functions: Using node@12 from host. {"metadata":{"emulator":{"name":"functions"},"message":"Using node@12 from host."}}
[debug] [2021-02-04T20:15:10.736Z] defaultcredentials: writing to file C:\Users\prakash dudhat\AppData\Roaming\firebase\dudhatprakash992_gmail_com_application_default_credentials.json
[debug] [2021-02-04T20:15:10.738Z] Setting GAC to C:\Users\prakash dudhat\AppData\Roaming\firebase\dudhatprakash992_gmail_com_application_default_credentials.json {"metadata":{"emulator":{"name":"functions"},"message":"Setting GAC to C:\\Users\\prakash dudhat\\AppData\\Roaming\\firebase\\dudhatprakash992_gmail_com_application_default_credentials.json"}}
[info] i  functions: Watching "F:\VsCode\react_base\functions" for Cloud Functions... {"metadata":{"emulator":{"name":"functions"},"message":"Watching \"F:\\VsCode\\react_base\\functions\" for Cloud Functions..."}}
[debug] [2021-02-04T20:15:10.807Z] [worker-pool] addWorker(~diagnostic~) {"metadata":{"emulator":{"name":"functions"},"message":"[worker-pool] addWorker(~diagnostic~)"}}
[debug] [2021-02-04T20:15:10.807Z] [worker-pool] Adding worker with key ~diagnostic~, total=1 {"metadata":{"emulator":{"name":"functions"},"message":"[worker-pool] Adding worker with key ~diagnostic~, total=1"}}
[debug] [2021-02-04T20:15:10.807Z] [worker-pool] submitWork(triggerId=) {"metadata":{"emulator":{"name":"functions"},"message":"[worker-pool] submitWork(triggerId=)"}}
[debug] [2021-02-04T20:15:10.808Z] [worker-~diagnostic~-c695dfe7-2781-457f-aa30-b538ef8a2817]: Assigning socketPath: \\?\pipe\F:\VsCode\react_base\functions\26632 {"metadata":{"emulator":{"name":"functions"},"message":"[worker-~diagnostic~-c695dfe7-2781-457f-aa30-b538ef8a2817]: Assigning socketPath: \\\\?\\pipe\\F:\\VsCode\\react_base\\functions\\26632"}}
[debug] [2021-02-04T20:15:10.808Z] [worker-~diagnostic~-c695dfe7-2781-457f-aa30-b538ef8a2817]: BUSY {"metadata":{"emulator":{"name":"functions"},"message":"[worker-~diagnostic~-c695dfe7-2781-457f-aa30-b538ef8a2817]: BUSY"}}
[debug] [2021-02-04T20:15:11.012Z] [runtime-status] [26632] Functions runtime initialized. {"cwd":"F:\\VsCode\\react_base\\functions","node_version":"12.14.1"} {"metadata":{"emulator":{"name":"functions"},"message":"[runtime-status] [26632] Functions runtime initialized. {\"cwd\":\"F:\\\\VsCode\\\\react_base\\\\functions\",\"node_version\":\"12.14.1\"}"}}
[debug] [2021-02-04T20:15:11.012Z] [runtime-status] [26632] Disabled runtime features: undefined {"metadata":{"emulator":{"name":"functions"},"message":"[runtime-status] [26632] Disabled runtime features: undefined"}}
[debug] [2021-02-04T20:15:11.015Z] [runtime-status] [26632] Resolved module firebase-admin {"declared":true,"installed":true,"version":"9.4.2","resolution":"F:\\VsCode\\react_base\\functions\\node_modules\\firebase-admin\\lib\\index.js"} {"metadata":{"emulator":{"name":"functions"},"message":"[runtime-status] [26632] Resolved module firebase-admin {\"declared\":true,\"installed\":true,\"version\":\"9.4.2\",\"resolution\":\"F:\\\\VsCode\\\\react_base\\\\functions\\\\node_modules\\\\firebase-admin\\\\lib\\\\index.js\"}"}}
[debug] [2021-02-04T20:15:11.016Z] [runtime-status] [26632] Resolved module firebase-functions {"declared":true,"installed":true,"version":"3.13.0","resolution":"F:\\VsCode\\react_base\\functions\\node_modules\\firebase-functions\\lib\\index.js"} {"metadata":{"emulator":{"name":"functions"},"message":"[runtime-status] [26632] Resolved module firebase-functions {\"declared\":true,\"installed\":true,\"version\":\"3.13.0\",\"resolution\":\"F:\\\\VsCode\\\\react_base\\\\functions\\\\node_modules\\\\firebase-functions\\\\lib\\\\index.js\"}"}}
[warn] !  Found .runtimeconfig.json but the JSON format is invalid. {"metadata":{"emulator":{"name":"functions"},"message":"Found .runtimeconfig.json but the JSON format is invalid."}}
[debug] [2021-02-04T20:15:11.019Z] [runtime-status] [26632] Resolved module firebase-functions {"declared":true,"installed":true,"version":"3.13.0","resolution":"F:\\VsCode\\react_base\\functions\\node_modules\\firebase-functions\\lib\\index.js"} {"metadata":{"emulator":{"name":"functions"},"message":"[runtime-status] [26632] Resolved module firebase-functions {\"declared\":true,\"installed\":true,\"version\":\"3.13.0\",\"resolution\":\"F:\\\\VsCode\\\\react_base\\\\functions\\\\node_modules\\\\firebase-functions\\\\lib\\\\index.js\"}"}}
[debug] [2021-02-04T20:15:11.019Z] [runtime-status] [26632] Outgoing network have been stubbed. [{"name":"http","status":"mocked"},{"name":"http","status":"mocked"},{"name":"https","status":"mocked"},{"name":"https","status":"mocked"},{"name":"net","status":"mocked"}] {"metadata":{"emulator":{"name":"functions"},"message":"[runtime-status] [26632] Outgoing network have been stubbed. [{\"name\":\"http\",\"status\":\"mocked\"},{\"name\":\"http\",\"status\":\"mocked\"},{\"name\":\"https\",\"status\":\"mocked\"},{\"name\":\"https\",\"status\":\"mocked\"},{\"name\":\"net\",\"status\":\"mocked\"}]"}}
[debug] [2021-02-04T20:15:11.020Z] [runtime-status] [26632] Resolved module firebase-functions {"declared":true,"installed":true,"version":"3.13.0","resolution":"F:\\VsCode\\react_base\\functions\\node_modules\\firebase-functions\\lib\\index.js"} {"metadata":{"emulator":{"name":"functions"},"message":"[runtime-status] [26632] Resolved module firebase-functions {\"declared\":true,\"installed\":true,\"version\":\"3.13.0\",\"resolution\":\"F:\\\\VsCode\\\\react_base\\\\functions\\\\node_modules\\\\firebase-functions\\\\lib\\\\index.js\"}"}}
[debug] [2021-02-04T20:15:11.064Z] [runtime-status] [26632] Checked functions.config() {"config":{}} {"metadata":{"emulator":{"name":"functions"},"message":"[runtime-status] [26632] Checked functions.config() {\"config\":{}}"}}
[debug] [2021-02-04T20:15:11.064Z] [runtime-status] [26632] firebase-functions has been stubbed. {"functionsResolution":{"declared":true,"installed":true,"version":"3.13.0","resolution":"F:\\VsCode\\react_base\\functions\\node_modules\\firebase-functions\\lib\\index.js"}} {"metadata":{"emulator":{"name":"functions"},"message":"[runtime-status] [26632] firebase-functions has been stubbed. {\"functionsResolution\":{\"declared\":true,\"installed\":true,\"version\":\"3.13.0\",\"resolution\":\"F:\\\\VsCode\\\\react_base\\\\functions\\\\node_modules\\\\firebase-functions\\\\lib\\\\index.js\"}}"}}
[debug] [2021-02-04T20:15:11.064Z] [runtime-status] [26632] Resolved module firebase-functions {"declared":true,"installed":true,"version":"3.13.0","resolution":"F:\\VsCode\\react_base\\functions\\node_modules\\firebase-functions\\lib\\index.js"} {"metadata":{"emulator":{"name":"functions"},"message":"[runtime-status] [26632] Resolved module firebase-functions {\"declared\":true,\"installed\":true,\"version\":\"3.13.0\",\"resolution\":\"F:\\\\VsCode\\\\react_base\\\\functions\\\\node_modules\\\\firebase-functions\\\\lib\\\\index.js\"}"}}
[debug] [2021-02-04T20:15:11.066Z] [runtime-status] [26632] Resolved module firebase-admin {"declared":true,"installed":true,"version":"9.4.2","resolution":"F:\\VsCode\\react_base\\functions\\node_modules\\firebase-admin\\lib\\index.js"} {"metadata":{"emulator":{"name":"functions"},"message":"[runtime-status] [26632] Resolved module firebase-admin {\"declared\":true,\"installed\":true,\"version\":\"9.4.2\",\"resolution\":\"F:\\\\VsCode\\\\react_base\\\\functions\\\\node_modules\\\\firebase-admin\\\\lib\\\\index.js\"}"}}
[debug] [2021-02-04T20:15:11.066Z] [runtime-status] [26632] Resolved module firebase-functions {"declared":true,"installed":true,"version":"3.13.0","resolution":"F:\\VsCode\\react_base\\functions\\node_modules\\firebase-functions\\lib\\index.js"} {"metadata":{"emulator":{"name":"functions"},"message":"[runtime-status] [26632] Resolved module firebase-functions {\"declared\":true,\"installed\":true,\"version\":\"3.13.0\",\"resolution\":\"F:\\\\VsCode\\\\react_base\\\\functions\\\\node_modules\\\\firebase-functions\\\\lib\\\\index.js\"}"}}
[debug] [2021-02-04T20:15:11.066Z] [runtime-status] [26632] firebase-admin has been stubbed. {"adminResolution":{"declared":true,"installed":true,"version":"9.4.2","resolution":"F:\\VsCode\\react_base\\functions\\node_modules\\firebase-admin\\lib\\index.js"}} {"metadata":{"emulator":{"name":"functions"},"message":"[runtime-status] [26632] firebase-admin has been stubbed. {\"adminResolution\":{\"declared\":true,\"installed\":true,\"version\":\"9.4.2\",\"resolution\":\"F:\\\\VsCode\\\\react_base\\\\functions\\\\node_modules\\\\firebase-admin\\\\lib\\\\index.js\"}}"}}
[info] >  { config: {} } {"user":"{ config: {} }","metadata":{"emulator":{"name":"functions"},"message":"\u001b[90m> \u001b[39m { config: {} }"}}
[warn] !  It looks like you're trying to access functions.config().stripe but there is no value there. You can learn more about setting up config here: https://firebase.google.com/docs/functions/local-emulator {"metadata":{"emulator":{"name":"functions"},"message":"It looks like you're trying to access functions.config().stripe but there is no value there. You can learn more about setting up config here: https://firebase.google.com/docs/functions/local-emulator"}}
[warn] !  TypeError: Cannot read property 'secret' of undefined
    at Object.<anonymous> (F:\VsCode\react_base\functions\stripe-confirm.js:5:48)
    at Module._compile (internal/modules/cjs/loader.js:955:30)
    at Object.Module._extensions..js (internal/modules/cjs/loader.js:991:10)
    at Module.load (internal/modules/cjs/loader.js:811:32)
    at Function.Module._load (internal/modules/cjs/loader.js:723:14)
    at Module.require (internal/modules/cjs/loader.js:848:19)
    at require (internal/modules/cjs/helpers.js:74:18)
    at Object.<anonymous> (F:\VsCode\react_base\functions\index.js:2:25)
    at Module._compile (internal/modules/cjs/loader.js:955:30)
    at Object.Module._extensions..js (internal/modules/cjs/loader.js:991:10) {"metadata":{"emulator":{"name":"functions"},"message":"TypeError: Cannot read property 'secret' of undefined\n    at Object.<anonymous> (F:\\VsCode\\react_base\\functions\\stripe-confirm.js:5:48)\n    at Module._compile (internal/modules/cjs/loader.js:955:30)\n    at Object.Module._extensions..js (internal/modules/cjs/loader.js:991:10)\n    at Module.load (internal/modules/cjs/loader.js:811:32)\n    at Function.Module._load (internal/modules/cjs/loader.js:723:14)\n    at Module.require (internal/modules/cjs/loader.js:848:19)\n    at require (internal/modules/cjs/helpers.js:74:18)\n    at Object.<anonymous> (F:\\VsCode\\react_base\\functions\\index.js:2:25)\n    at Module._compile (internal/modules/cjs/loader.js:955:30)\n    at Object.Module._extensions..js (internal/modules/cjs/loader.js:991:10)"}}
[warn] !  We were unable to load your functions code. (see above) {"metadata":{"emulator":{"name":"functions"}}}
[debug] [2021-02-04T20:15:11.381Z] [worker-~diagnostic~-c695dfe7-2781-457f-aa30-b538ef8a2817]: exited {"metadata":{"emulator":{"name":"functions"},"message":"[worker-~diagnostic~-c695dfe7-2781-457f-aa30-b538ef8a2817]: exited"}}
[debug] [2021-02-04T20:15:11.382Z] [worker-~diagnostic~-c695dfe7-2781-457f-aa30-b538ef8a2817]: FINISHED {"metadata":{"emulator":{"name":"functions"},"message":"[worker-~diagnostic~-c695dfe7-2781-457f-aa30-b538ef8a2817]: FINISHED"}}
[debug] [2021-02-04T20:28:04.617Z] ----------------------------------------------------------------------
[debug] [2021-02-04T20:28:04.619Z] Command:       C:\Program Files\nodejs\node.exe C:\Users\prakash dudhat\AppData\Roaming\npm\node_modules\firebase-tools\lib\bin\firebase.js serve --only functions
[debug] [2021-02-04T20:28:04.619Z] CLI Version:   9.3.0
[debug] [2021-02-04T20:28:04.620Z] Platform:      win32
[debug] [2021-02-04T20:28:04.620Z] Node Version:  v12.14.1
[debug] [2021-02-04T20:28:04.621Z] Time:          Fri Feb 05 2021 01:58:04 GMT+0530 (India Standard Time)
[debug] [2021-02-04T20:28:04.621Z] ----------------------------------------------------------------------
[debug] [2021-02-04T20:28:04.621Z] 
[debug] [2021-02-04T20:28:04.629Z] > command requires scopes: ["email","openid","https://www.googleapis.com/auth/cloudplatformprojects.readonly","https://www.googleapis.com/auth/firebase","https://www.googleapis.com/auth/cloud-platform"]
[debug] [2021-02-04T20:28:04.629Z] > authorizing via signed-in user
[debug] [2021-02-04T20:28:04.630Z] [iam] checking project fashion-magazine-fc07f for permissions ["firebase.projects.get"]
[debug] [2021-02-04T20:28:04.632Z] >>> HTTP REQUEST POST https://cloudresourcemanager.googleapis.com/v1/projects/fashion-magazine-fc07f:testIamPermissions  
 {"permissions":["firebase.projects.get"]}
[debug] [2021-02-04T20:28:06.620Z] <<< HTTP RESPONSE 200 {"content-type":"application/json; charset=UTF-8","vary":"X-Origin, Referer, Origin,Accept-Encoding","date":"Thu, 04 Feb 2021 20:28:06 GMT","server":"ESF","cache-control":"private","x-xss-protection":"0","x-frame-options":"SAMEORIGIN","x-content-type-options":"nosniff","server-timing":"gfet4t7; dur=1378","alt-svc":"h3-29=\":443\"; ma=2592000,h3-T051=\":443\"; ma=2592000,h3-Q050=\":443\"; ma=2592000,h3-Q046=\":443\"; ma=2592000,h3-Q043=\":443\"; ma=2592000,quic=\":443\"; ma=2592000; v=\"46,43\"","accept-ranges":"none","transfer-encoding":"chunked"}
[debug] [2021-02-04T20:28:06.622Z] > refreshing access token with scopes: []
[debug] [2021-02-04T20:28:06.622Z] >>> HTTP REQUEST POST https://www.googleapis.com/oauth2/v3/token  
 <request body omitted>
[debug] [2021-02-04T20:28:07.268Z] <<< HTTP RESPONSE 200 {"expires":"Mon, 01 Jan 1990 00:00:00 GMT","pragma":"no-cache","date":"Thu, 04 Feb 2021 20:28:07 GMT","cache-control":"no-cache, no-store, max-age=0, must-revalidate","content-type":"application/json; charset=utf-8","vary":"X-Origin, Referer, Origin,Accept-Encoding","server":"scaffolding on HTTPServer2","x-xss-protection":"0","x-frame-options":"SAMEORIGIN","x-content-type-options":"nosniff","alt-svc":"h3-29=\":443\"; ma=2592000,h3-T051=\":443\"; ma=2592000,h3-Q050=\":443\"; ma=2592000,h3-Q046=\":443\"; ma=2592000,h3-Q043=\":443\"; ma=2592000,quic=\":443\"; ma=2592000; v=\"46,43\"","accept-ranges":"none","transfer-encoding":"chunked"}
[debug] [2021-02-04T20:28:08.812Z] >>> [apiv2][query] GET https://firebase.googleapis.com/v1beta1/projects/fashion-magazine-fc07f [none]
[debug] [2021-02-04T20:28:09.727Z] <<< [apiv2][status] GET https://firebase.googleapis.com/v1beta1/projects/fashion-magazine-fc07f 200
[debug] [2021-02-04T20:28:09.727Z] <<< [apiv2][body] GET https://firebase.googleapis.com/v1beta1/projects/fashion-magazine-fc07f {"projectId":"fashion-magazine-fc07f","projectNumber":"652359787200","displayName":"fashion-magazine","name":"projects/fashion-magazine-fc07f","resources":{"hostingSite":"fashion-magazine-fc07f","storageBucket":"fashion-magazine-fc07f.appspot.com","locationId":"asia-southeast2"},"state":"ACTIVE"}
[info] +  functions: Using node@12 from host. {"metadata":{"emulator":{"name":"functions"},"message":"Using node@12 from host."}}
[debug] [2021-02-04T20:28:11.760Z] defaultcredentials: writing to file C:\Users\prakash dudhat\AppData\Roaming\firebase\dudhatprakash992_gmail_com_application_default_credentials.json
[debug] [2021-02-04T20:28:11.762Z] Setting GAC to C:\Users\prakash dudhat\AppData\Roaming\firebase\dudhatprakash992_gmail_com_application_default_credentials.json {"metadata":{"emulator":{"name":"functions"},"message":"Setting GAC to C:\\Users\\prakash dudhat\\AppData\\Roaming\\firebase\\dudhatprakash992_gmail_com_application_default_credentials.json"}}
[debug] [2021-02-04T20:28:11.763Z] >>> [apiv2][query] GET https://firebase.googleapis.com/v1beta1/projects/fashion-magazine-fc07f/adminSdkConfig [none]
[debug] [2021-02-04T20:28:12.983Z] <<< [apiv2][status] GET https://firebase.googleapis.com/v1beta1/projects/fashion-magazine-fc07f/adminSdkConfig 200
[debug] [2021-02-04T20:28:12.983Z] <<< [apiv2][body] GET https://firebase.googleapis.com/v1beta1/projects/fashion-magazine-fc07f/adminSdkConfig {"projectId":"fashion-magazine-fc07f","storageBucket":"fashion-magazine-fc07f.appspot.com","locationId":"asia-southeast2"}
[info] i  functions: Watching "F:\VsCode\react_base\functions" for Cloud Functions... {"metadata":{"emulator":{"name":"functions"},"message":"Watching \"F:\\VsCode\\react_base\\functions\" for Cloud Functions..."}}
[debug] [2021-02-04T20:28:13.113Z] [worker-pool] addWorker(~diagnostic~) {"metadata":{"emulator":{"name":"functions"},"message":"[worker-pool] addWorker(~diagnostic~)"}}
[debug] [2021-02-04T20:28:13.114Z] [worker-pool] Adding worker with key ~diagnostic~, total=1 {"metadata":{"emulator":{"name":"functions"},"message":"[worker-pool] Adding worker with key ~diagnostic~, total=1"}}
[debug] [2021-02-04T20:28:13.114Z] [worker-pool] submitWork(triggerId=) {"metadata":{"emulator":{"name":"functions"},"message":"[worker-pool] submitWork(triggerId=)"}}
[debug] [2021-02-04T20:28:13.115Z] [worker-~diagnostic~-b2d6080e-4195-435e-931e-0475e4a630cb]: Assigning socketPath: \\?\pipe\F:\VsCode\react_base\functions\26612 {"metadata":{"emulator":{"name":"functions"},"message":"[worker-~diagnostic~-b2d6080e-4195-435e-931e-0475e4a630cb]: Assigning socketPath: \\\\?\\pipe\\F:\\VsCode\\react_base\\functions\\26612"}}
[debug] [2021-02-04T20:28:13.115Z] [worker-~diagnostic~-b2d6080e-4195-435e-931e-0475e4a630cb]: BUSY {"metadata":{"emulator":{"name":"functions"},"message":"[worker-~diagnostic~-b2d6080e-4195-435e-931e-0475e4a630cb]: BUSY"}}
[debug] [2021-02-04T20:28:13.389Z] [runtime-status] [26612] Functions runtime initialized. {"cwd":"F:\\VsCode\\react_base\\functions","node_version":"12.14.1"} {"metadata":{"emulator":{"name":"functions"},"message":"[runtime-status] [26612] Functions runtime initialized. {\"cwd\":\"F:\\\\VsCode\\\\react_base\\\\functions\",\"node_version\":\"12.14.1\"}"}}
[debug] [2021-02-04T20:28:13.389Z] [runtime-status] [26612] Disabled runtime features: undefined {"metadata":{"emulator":{"name":"functions"},"message":"[runtime-status] [26612] Disabled runtime features: undefined"}}
[debug] [2021-02-04T20:28:13.393Z] [runtime-status] [26612] Resolved module firebase-admin {"declared":true,"installed":true,"version":"9.4.2","resolution":"F:\\VsCode\\react_base\\functions\\node_modules\\firebase-admin\\lib\\index.js"} {"metadata":{"emulator":{"name":"functions"},"message":"[runtime-status] [26612] Resolved module firebase-admin {\"declared\":true,\"installed\":true,\"version\":\"9.4.2\",\"resolution\":\"F:\\\\VsCode\\\\react_base\\\\functions\\\\node_modules\\\\firebase-admin\\\\lib\\\\index.js\"}"}}
[debug] [2021-02-04T20:28:13.395Z] [runtime-status] [26612] Resolved module firebase-functions {"declared":true,"installed":true,"version":"3.13.0","resolution":"F:\\VsCode\\react_base\\functions\\node_modules\\firebase-functions\\lib\\index.js"} {"metadata":{"emulator":{"name":"functions"},"message":"[runtime-status] [26612] Resolved module firebase-functions {\"declared\":true,\"installed\":true,\"version\":\"3.13.0\",\"resolution\":\"F:\\\\VsCode\\\\react_base\\\\functions\\\\node_modules\\\\firebase-functions\\\\lib\\\\index.js\"}"}}
[warn] !  Found .runtimeconfig.json but the JSON format is invalid. {"metadata":{"emulator":{"name":"functions"},"message":"Found .runtimeconfig.json but the JSON format is invalid."}}
[debug] [2021-02-04T20:28:13.397Z] [runtime-status] [26612] Resolved module firebase-functions {"declared":true,"installed":true,"version":"3.13.0","resolution":"F:\\VsCode\\react_base\\functions\\node_modules\\firebase-functions\\lib\\index.js"} {"metadata":{"emulator":{"name":"functions"},"message":"[runtime-status] [26612] Resolved module firebase-functions {\"declared\":true,\"installed\":true,\"version\":\"3.13.0\",\"resolution\":\"F:\\\\VsCode\\\\react_base\\\\functions\\\\node_modules\\\\firebase-functions\\\\lib\\\\index.js\"}"}}
[debug] [2021-02-04T20:28:13.399Z] [runtime-status] [26612] Outgoing network have been stubbed. [{"name":"http","status":"mocked"},{"name":"http","status":"mocked"},{"name":"https","status":"mocked"},{"name":"https","status":"mocked"},{"name":"net","status":"mocked"}] {"metadata":{"emulator":{"name":"functions"},"message":"[runtime-status] [26612] Outgoing network have been stubbed. [{\"name\":\"http\",\"status\":\"mocked\"},{\"name\":\"http\",\"status\":\"mocked\"},{\"name\":\"https\",\"status\":\"mocked\"},{\"name\":\"https\",\"status\":\"mocked\"},{\"name\":\"net\",\"status\":\"mocked\"}]"}}
[debug] [2021-02-04T20:28:13.399Z] [runtime-status] [26612] Resolved module firebase-functions {"declared":true,"installed":true,"version":"3.13.0","resolution":"F:\\VsCode\\react_base\\functions\\node_modules\\firebase-functions\\lib\\index.js"} {"metadata":{"emulator":{"name":"functions"},"message":"[runtime-status] [26612] Resolved module firebase-functions {\"declared\":true,\"installed\":true,\"version\":\"3.13.0\",\"resolution\":\"F:\\\\VsCode\\\\react_base\\\\functions\\\\node_modules\\\\firebase-functions\\\\lib\\\\index.js\"}"}}
[debug] [2021-02-04T20:28:13.447Z] [runtime-status] [26612] Checked functions.config() {"config":{}} {"metadata":{"emulator":{"name":"functions"},"message":"[runtime-status] [26612] Checked functions.config() {\"config\":{}}"}}
[debug] [2021-02-04T20:28:13.447Z] [runtime-status] [26612] firebase-functions has been stubbed. {"functionsResolution":{"declared":true,"installed":true,"version":"3.13.0","resolution":"F:\\VsCode\\react_base\\functions\\node_modules\\firebase-functions\\lib\\index.js"}} {"metadata":{"emulator":{"name":"functions"},"message":"[runtime-status] [26612] firebase-functions has been stubbed. {\"functionsResolution\":{\"declared\":true,\"installed\":true,\"version\":\"3.13.0\",\"resolution\":\"F:\\\\VsCode\\\\react_base\\\\functions\\\\node_modules\\\\firebase-functions\\\\lib\\\\index.js\"}}"}}
[debug] [2021-02-04T20:28:13.448Z] [runtime-status] [26612] Resolved module firebase-functions {"declared":true,"installed":true,"version":"3.13.0","resolution":"F:\\VsCode\\react_base\\functions\\node_modules\\firebase-functions\\lib\\index.js"} {"metadata":{"emulator":{"name":"functions"},"message":"[runtime-status] [26612] Resolved module firebase-functions {\"declared\":true,\"installed\":true,\"version\":\"3.13.0\",\"resolution\":\"F:\\\\VsCode\\\\react_base\\\\functions\\\\node_modules\\\\firebase-functions\\\\lib\\\\index.js\"}"}}
[debug] [2021-02-04T20:28:13.449Z] [runtime-status] [26612] Resolved module firebase-admin {"declared":true,"installed":true,"version":"9.4.2","resolution":"F:\\VsCode\\react_base\\functions\\node_modules\\firebase-admin\\lib\\index.js"} {"metadata":{"emulator":{"name":"functions"},"message":"[runtime-status] [26612] Resolved module firebase-admin {\"declared\":true,\"installed\":true,\"version\":\"9.4.2\",\"resolution\":\"F:\\\\VsCode\\\\react_base\\\\functions\\\\node_modules\\\\firebase-admin\\\\lib\\\\index.js\"}"}}
[debug] [2021-02-04T20:28:13.449Z] [runtime-status] [26612] Resolved module firebase-functions {"declared":true,"installed":true,"version":"3.13.0","resolution":"F:\\VsCode\\react_base\\functions\\node_modules\\firebase-functions\\lib\\index.js"} {"metadata":{"emulator":{"name":"functions"},"message":"[runtime-status] [26612] Resolved module firebase-functions {\"declared\":true,\"installed\":true,\"version\":\"3.13.0\",\"resolution\":\"F:\\\\VsCode\\\\react_base\\\\functions\\\\node_modules\\\\firebase-functions\\\\lib\\\\index.js\"}"}}
[debug] [2021-02-04T20:28:13.450Z] [runtime-status] [26612] firebase-admin has been stubbed. {"adminResolution":{"declared":true,"installed":true,"version":"9.4.2","resolution":"F:\\VsCode\\react_base\\functions\\node_modules\\firebase-admin\\lib\\index.js"}} {"metadata":{"emulator":{"name":"functions"},"message":"[runtime-status] [26612] firebase-admin has been stubbed. {\"adminResolution\":{\"declared\":true,\"installed\":true,\"version\":\"9.4.2\",\"resolution\":\"F:\\\\VsCode\\\\react_base\\\\functions\\\\node_modules\\\\firebase-admin\\\\lib\\\\index.js\"}}"}}
[info] >  { config: {} } {"user":"{ config: {} }","metadata":{"emulator":{"name":"functions"},"message":"\u001b[90m> \u001b[39m { config: {} }"}}
[warn] !  It looks like you're trying to access functions.config().stripe but there is no value there. You can learn more about setting up config here: https://firebase.google.com/docs/functions/local-emulator {"metadata":{"emulator":{"name":"functions"},"message":"It looks like you're trying to access functions.config().stripe but there is no value there. You can learn more about setting up config here: https://firebase.google.com/docs/functions/local-emulator"}}
[warn] !  TypeError: Cannot read property 'secret' of undefined
    at Object.<anonymous> (F:\VsCode\react_base\functions\stripe-confirm.js:5:48)
    at Module._compile (internal/modules/cjs/loader.js:955:30)
    at Object.Module._extensions..js (internal/modules/cjs/loader.js:991:10)
    at Module.load (internal/modules/cjs/loader.js:811:32)
    at Function.Module._load (internal/modules/cjs/loader.js:723:14)
    at Module.require (internal/modules/cjs/loader.js:848:19)
    at require (internal/modules/cjs/helpers.js:74:18)
    at Object.<anonymous> (F:\VsCode\react_base\functions\index.js:2:25)
    at Module._compile (internal/modules/cjs/loader.js:955:30)
    at Object.Module._extensions..js (internal/modules/cjs/loader.js:991:10) {"metadata":{"emulator":{"name":"functions"},"message":"TypeError: Cannot read property 'secret' of undefined\n    at Object.<anonymous> (F:\\VsCode\\react_base\\functions\\stripe-confirm.js:5:48)\n    at Module._compile (internal/modules/cjs/loader.js:955:30)\n    at Object.Module._extensions..js (internal/modules/cjs/loader.js:991:10)\n    at Module.load (internal/modules/cjs/loader.js:811:32)\n    at Function.Module._load (internal/modules/cjs/loader.js:723:14)\n    at Module.require (internal/modules/cjs/loader.js:848:19)\n    at require (internal/modules/cjs/helpers.js:74:18)\n    at Object.<anonymous> (F:\\VsCode\\react_base\\functions\\index.js:2:25)\n    at Module._compile (internal/modules/cjs/loader.js:955:30)\n    at Object.Module._extensions..js (internal/modules/cjs/loader.js:991:10)"}}
[warn] !  We were unable to load your functions code. (see above) {"metadata":{"emulator":{"name":"functions"}}}
[debug] [2021-02-04T20:28:13.536Z] [worker-~diagnostic~-b2d6080e-4195-435e-931e-0475e4a630cb]: exited {"metadata":{"emulator":{"name":"functions"},"message":"[worker-~diagnostic~-b2d6080e-4195-435e-931e-0475e4a630cb]: exited"}}
[debug] [2021-02-04T20:28:13.536Z] [worker-~diagnostic~-b2d6080e-4195-435e-931e-0475e4a630cb]: FINISHED {"metadata":{"emulator":{"name":"functions"},"message":"[worker-~diagnostic~-b2d6080e-4195-435e-931e-0475e4a630cb]: FINISHED"}}
[debug] [2021-02-04T20:30:53.959Z] ----------------------------------------------------------------------
[debug] [2021-02-04T20:30:53.961Z] Command:       C:\Program Files\nodejs\node.exe C:\Users\prakash dudhat\AppData\Roaming\npm\node_modules\firebase-tools\lib\bin\firebase.js serve --only functions
[debug] [2021-02-04T20:30:53.961Z] CLI Version:   9.3.0
[debug] [2021-02-04T20:30:53.961Z] Platform:      win32
[debug] [2021-02-04T20:30:53.962Z] Node Version:  v12.14.1
[debug] [2021-02-04T20:30:53.963Z] Time:          Fri Feb 05 2021 02:00:53 GMT+0530 (India Standard Time)
[debug] [2021-02-04T20:30:53.963Z] ----------------------------------------------------------------------
[debug] [2021-02-04T20:30:53.963Z] 
[debug] [2021-02-04T20:30:53.970Z] > command requires scopes: ["email","openid","https://www.googleapis.com/auth/cloudplatformprojects.readonly","https://www.googleapis.com/auth/firebase","https://www.googleapis.com/auth/cloud-platform"]
[debug] [2021-02-04T20:30:53.971Z] > authorizing via signed-in user
[debug] [2021-02-04T20:30:53.971Z] [iam] checking project fashion-magazine-fc07f for permissions ["firebase.projects.get"]
[debug] [2021-02-04T20:30:53.974Z] > refreshing access token with scopes: ["email","https://www.googleapis.com/auth/cloud-platform","https://www.googleapis.com/auth/cloudplatformprojects.readonly","https://www.googleapis.com/auth/firebase","openid"]
[debug] [2021-02-04T20:30:53.974Z] >>> HTTP REQUEST POST https://www.googleapis.com/oauth2/v3/token  
 <request body omitted>
[debug] [2021-02-04T20:30:54.512Z] <<< HTTP RESPONSE 200 {"pragma":"no-cache","date":"Thu, 04 Feb 2021 20:30:54 GMT","cache-control":"no-cache, no-store, max-age=0, must-revalidate","expires":"Mon, 01 Jan 1990 00:00:00 GMT","content-type":"application/json; charset=utf-8","vary":"X-Origin, Referer, Origin,Accept-Encoding","server":"scaffolding on HTTPServer2","x-xss-protection":"0","x-frame-options":"SAMEORIGIN","x-content-type-options":"nosniff","alt-svc":"h3-29=\":443\"; ma=2592000,h3-T051=\":443\"; ma=2592000,h3-Q050=\":443\"; ma=2592000,h3-Q046=\":443\"; ma=2592000,h3-Q043=\":443\"; ma=2592000,quic=\":443\"; ma=2592000; v=\"46,43\"","accept-ranges":"none","transfer-encoding":"chunked"}
[debug] [2021-02-04T20:30:55.656Z] >>> HTTP REQUEST POST https://cloudresourcemanager.googleapis.com/v1/projects/fashion-magazine-fc07f:testIamPermissions  
 {"permissions":["firebase.projects.get"]}
[debug] [2021-02-04T20:30:57.456Z] <<< HTTP RESPONSE 200 {"content-type":"application/json; charset=UTF-8","vary":"X-Origin, Referer, Origin,Accept-Encoding","date":"Thu, 04 Feb 2021 20:30:57 GMT","server":"ESF","cache-control":"private","x-xss-protection":"0","x-frame-options":"SAMEORIGIN","x-content-type-options":"nosniff","server-timing":"gfet4t7; dur=1356","alt-svc":"h3-29=\":443\"; ma=2592000,h3-T051=\":443\"; ma=2592000,h3-Q050=\":443\"; ma=2592000,h3-Q046=\":443\"; ma=2592000,h3-Q043=\":443\"; ma=2592000,quic=\":443\"; ma=2592000; v=\"46,43\"","accept-ranges":"none","transfer-encoding":"chunked"}
[debug] [2021-02-04T20:30:57.458Z] > refreshing access token with scopes: []
[debug] [2021-02-04T20:30:57.459Z] >>> HTTP REQUEST POST https://www.googleapis.com/oauth2/v3/token  
 <request body omitted>
[debug] [2021-02-04T20:30:57.991Z] <<< HTTP RESPONSE 200 {"expires":"Mon, 01 Jan 1990 00:00:00 GMT","cache-control":"no-cache, no-store, max-age=0, must-revalidate","pragma":"no-cache","date":"Thu, 04 Feb 2021 20:30:58 GMT","content-type":"application/json; charset=utf-8","vary":"X-Origin, Referer, Origin,Accept-Encoding","server":"scaffolding on HTTPServer2","x-xss-protection":"0","x-frame-options":"SAMEORIGIN","x-content-type-options":"nosniff","alt-svc":"h3-29=\":443\"; ma=2592000,h3-T051=\":443\"; ma=2592000,h3-Q050=\":443\"; ma=2592000,h3-Q046=\":443\"; ma=2592000,h3-Q043=\":443\"; ma=2592000,quic=\":443\"; ma=2592000; v=\"46,43\"","accept-ranges":"none","transfer-encoding":"chunked"}
[debug] [2021-02-04T20:30:58.439Z] >>> [apiv2][query] GET https://firebase.googleapis.com/v1beta1/projects/fashion-magazine-fc07f [none]
[debug] [2021-02-04T20:30:59.710Z] <<< [apiv2][status] GET https://firebase.googleapis.com/v1beta1/projects/fashion-magazine-fc07f 200
[debug] [2021-02-04T20:30:59.710Z] <<< [apiv2][body] GET https://firebase.googleapis.com/v1beta1/projects/fashion-magazine-fc07f {"projectId":"fashion-magazine-fc07f","projectNumber":"652359787200","displayName":"fashion-magazine","name":"projects/fashion-magazine-fc07f","resources":{"hostingSite":"fashion-magazine-fc07f","storageBucket":"fashion-magazine-fc07f.appspot.com","locationId":"asia-southeast2"},"state":"ACTIVE"}
[info] +  functions: Using node@12 from host. {"metadata":{"emulator":{"name":"functions"},"message":"Using node@12 from host."}}
[debug] [2021-02-04T20:31:01.753Z] defaultcredentials: writing to file C:\Users\prakash dudhat\AppData\Roaming\firebase\dudhatprakash992_gmail_com_application_default_credentials.json
[debug] [2021-02-04T20:31:01.754Z] Setting GAC to C:\Users\prakash dudhat\AppData\Roaming\firebase\dudhatprakash992_gmail_com_application_default_credentials.json {"metadata":{"emulator":{"name":"functions"},"message":"Setting GAC to C:\\Users\\prakash dudhat\\AppData\\Roaming\\firebase\\dudhatprakash992_gmail_com_application_default_credentials.json"}}
[debug] [2021-02-04T20:31:01.755Z] >>> [apiv2][query] GET https://firebase.googleapis.com/v1beta1/projects/fashion-magazine-fc07f/adminSdkConfig [none]
[debug] [2021-02-04T20:31:02.904Z] <<< [apiv2][status] GET https://firebase.googleapis.com/v1beta1/projects/fashion-magazine-fc07f/adminSdkConfig 200
[debug] [2021-02-04T20:31:02.904Z] <<< [apiv2][body] GET https://firebase.googleapis.com/v1beta1/projects/fashion-magazine-fc07f/adminSdkConfig {"projectId":"fashion-magazine-fc07f","storageBucket":"fashion-magazine-fc07f.appspot.com","locationId":"asia-southeast2"}
[info] i  functions: Watching "F:\VsCode\react_base\functions" for Cloud Functions... {"metadata":{"emulator":{"name":"functions"},"message":"Watching \"F:\\VsCode\\react_base\\functions\" for Cloud Functions..."}}
[debug] [2021-02-04T20:31:03.528Z] [worker-pool] addWorker(~diagnostic~) {"metadata":{"emulator":{"name":"functions"},"message":"[worker-pool] addWorker(~diagnostic~)"}}
[debug] [2021-02-04T20:31:03.528Z] [worker-pool] Adding worker with key ~diagnostic~, total=1 {"metadata":{"emulator":{"name":"functions"},"message":"[worker-pool] Adding worker with key ~diagnostic~, total=1"}}
[debug] [2021-02-04T20:31:03.528Z] [worker-pool] submitWork(triggerId=) {"metadata":{"emulator":{"name":"functions"},"message":"[worker-pool] submitWork(triggerId=)"}}
[debug] [2021-02-04T20:31:03.529Z] [worker-~diagnostic~-7afe84f4-ea9c-4189-ab7a-4909afed3514]: Assigning socketPath: \\?\pipe\F:\VsCode\react_base\functions\25560 {"metadata":{"emulator":{"name":"functions"},"message":"[worker-~diagnostic~-7afe84f4-ea9c-4189-ab7a-4909afed3514]: Assigning socketPath: \\\\?\\pipe\\F:\\VsCode\\react_base\\functions\\25560"}}
[debug] [2021-02-04T20:31:03.529Z] [worker-~diagnostic~-7afe84f4-ea9c-4189-ab7a-4909afed3514]: BUSY {"metadata":{"emulator":{"name":"functions"},"message":"[worker-~diagnostic~-7afe84f4-ea9c-4189-ab7a-4909afed3514]: BUSY"}}
[debug] [2021-02-04T20:31:03.731Z] [runtime-status] [25560] Functions runtime initialized. {"cwd":"F:\\VsCode\\react_base\\functions","node_version":"12.14.1"} {"metadata":{"emulator":{"name":"functions"},"message":"[runtime-status] [25560] Functions runtime initialized. {\"cwd\":\"F:\\\\VsCode\\\\react_base\\\\functions\",\"node_version\":\"12.14.1\"}"}}
[debug] [2021-02-04T20:31:03.732Z] [runtime-status] [25560] Disabled runtime features: undefined {"metadata":{"emulator":{"name":"functions"},"message":"[runtime-status] [25560] Disabled runtime features: undefined"}}
[debug] [2021-02-04T20:31:03.734Z] [runtime-status] [25560] Resolved module firebase-admin {"declared":true,"installed":true,"version":"9.4.2","resolution":"F:\\VsCode\\react_base\\functions\\node_modules\\firebase-admin\\lib\\index.js"} {"metadata":{"emulator":{"name":"functions"},"message":"[runtime-status] [25560] Resolved module firebase-admin {\"declared\":true,\"installed\":true,\"version\":\"9.4.2\",\"resolution\":\"F:\\\\VsCode\\\\react_base\\\\functions\\\\node_modules\\\\firebase-admin\\\\lib\\\\index.js\"}"}}
[debug] [2021-02-04T20:31:03.736Z] [runtime-status] [25560] Resolved module firebase-functions {"declared":true,"installed":true,"version":"3.13.0","resolution":"F:\\VsCode\\react_base\\functions\\node_modules\\firebase-functions\\lib\\index.js"} {"metadata":{"emulator":{"name":"functions"},"message":"[runtime-status] [25560] Resolved module firebase-functions {\"declared\":true,\"installed\":true,\"version\":\"3.13.0\",\"resolution\":\"F:\\\\VsCode\\\\react_base\\\\functions\\\\node_modules\\\\firebase-functions\\\\lib\\\\index.js\"}"}}
[warn] !  Found .runtimeconfig.json but the JSON format is invalid. {"metadata":{"emulator":{"name":"functions"},"message":"Found .runtimeconfig.json but the JSON format is invalid."}}
[debug] [2021-02-04T20:31:03.738Z] [runtime-status] [25560] Resolved module firebase-functions {"declared":true,"installed":true,"version":"3.13.0","resolution":"F:\\VsCode\\react_base\\functions\\node_modules\\firebase-functions\\lib\\index.js"} {"metadata":{"emulator":{"name":"functions"},"message":"[runtime-status] [25560] Resolved module firebase-functions {\"declared\":true,\"installed\":true,\"version\":\"3.13.0\",\"resolution\":\"F:\\\\VsCode\\\\react_base\\\\functions\\\\node_modules\\\\firebase-functions\\\\lib\\\\index.js\"}"}}
[debug] [2021-02-04T20:31:03.738Z] [runtime-status] [25560] Outgoing network have been stubbed. [{"name":"http","status":"mocked"},{"name":"http","status":"mocked"},{"name":"https","status":"mocked"},{"name":"https","status":"mocked"},{"name":"net","status":"mocked"}] {"metadata":{"emulator":{"name":"functions"},"message":"[runtime-status] [25560] Outgoing network have been stubbed. [{\"name\":\"http\",\"status\":\"mocked\"},{\"name\":\"http\",\"status\":\"mocked\"},{\"name\":\"https\",\"status\":\"mocked\"},{\"name\":\"https\",\"status\":\"mocked\"},{\"name\":\"net\",\"status\":\"mocked\"}]"}}
[debug] [2021-02-04T20:31:03.739Z] [runtime-status] [25560] Resolved module firebase-functions {"declared":true,"installed":true,"version":"3.13.0","resolution":"F:\\VsCode\\react_base\\functions\\node_modules\\firebase-functions\\lib\\index.js"} {"metadata":{"emulator":{"name":"functions"},"message":"[runtime-status] [25560] Resolved module firebase-functions {\"declared\":true,\"installed\":true,\"version\":\"3.13.0\",\"resolution\":\"F:\\\\VsCode\\\\react_base\\\\functions\\\\node_modules\\\\firebase-functions\\\\lib\\\\index.js\"}"}}
[debug] [2021-02-04T20:31:03.781Z] [runtime-status] [25560] Checked functions.config() {"config":{}} {"metadata":{"emulator":{"name":"functions"},"message":"[runtime-status] [25560] Checked functions.config() {\"config\":{}}"}}
[debug] [2021-02-04T20:31:03.781Z] [runtime-status] [25560] firebase-functions has been stubbed. {"functionsResolution":{"declared":true,"installed":true,"version":"3.13.0","resolution":"F:\\VsCode\\react_base\\functions\\node_modules\\firebase-functions\\lib\\index.js"}} {"metadata":{"emulator":{"name":"functions"},"message":"[runtime-status] [25560] firebase-functions has been stubbed. {\"functionsResolution\":{\"declared\":true,\"installed\":true,\"version\":\"3.13.0\",\"resolution\":\"F:\\\\VsCode\\\\react_base\\\\functions\\\\node_modules\\\\firebase-functions\\\\lib\\\\index.js\"}}"}}
[debug] [2021-02-04T20:31:03.781Z] [runtime-status] [25560] Resolved module firebase-functions {"declared":true,"installed":true,"version":"3.13.0","resolution":"F:\\VsCode\\react_base\\functions\\node_modules\\firebase-functions\\lib\\index.js"} {"metadata":{"emulator":{"name":"functions"},"message":"[runtime-status] [25560] Resolved module firebase-functions {\"declared\":true,\"installed\":true,\"version\":\"3.13.0\",\"resolution\":\"F:\\\\VsCode\\\\react_base\\\\functions\\\\node_modules\\\\firebase-functions\\\\lib\\\\index.js\"}"}}
[debug] [2021-02-04T20:31:03.782Z] [runtime-status] [25560] Resolved module firebase-admin {"declared":true,"installed":true,"version":"9.4.2","resolution":"F:\\VsCode\\react_base\\functions\\node_modules\\firebase-admin\\lib\\index.js"} {"metadata":{"emulator":{"name":"functions"},"message":"[runtime-status] [25560] Resolved module firebase-admin {\"declared\":true,\"installed\":true,\"version\":\"9.4.2\",\"resolution\":\"F:\\\\VsCode\\\\react_base\\\\functions\\\\node_modules\\\\firebase-admin\\\\lib\\\\index.js\"}"}}
[debug] [2021-02-04T20:31:03.783Z] [runtime-status] [25560] Resolved module firebase-functions {"declared":true,"installed":true,"version":"3.13.0","resolution":"F:\\VsCode\\react_base\\functions\\node_modules\\firebase-functions\\lib\\index.js"} {"metadata":{"emulator":{"name":"functions"},"message":"[runtime-status] [25560] Resolved module firebase-functions {\"declared\":true,\"installed\":true,\"version\":\"3.13.0\",\"resolution\":\"F:\\\\VsCode\\\\react_base\\\\functions\\\\node_modules\\\\firebase-functions\\\\lib\\\\index.js\"}"}}
[debug] [2021-02-04T20:31:03.783Z] [runtime-status] [25560] firebase-admin has been stubbed. {"adminResolution":{"declared":true,"installed":true,"version":"9.4.2","resolution":"F:\\VsCode\\react_base\\functions\\node_modules\\firebase-admin\\lib\\index.js"}} {"metadata":{"emulator":{"name":"functions"},"message":"[runtime-status] [25560] firebase-admin has been stubbed. {\"adminResolution\":{\"declared\":true,\"installed\":true,\"version\":\"9.4.2\",\"resolution\":\"F:\\\\VsCode\\\\react_base\\\\functions\\\\node_modules\\\\firebase-admin\\\\lib\\\\index.js\"}}"}}
[info] >  { config: {} } {"user":"{ config: {} }","metadata":{"emulator":{"name":"functions"},"message":"\u001b[90m> \u001b[39m { config: {} }"}}
[warn] !  It looks like you're trying to access functions.config().stripe but there is no value there. You can learn more about setting up config here: https://firebase.google.com/docs/functions/local-emulator {"metadata":{"emulator":{"name":"functions"},"message":"It looks like you're trying to access functions.config().stripe but there is no value there. You can learn more about setting up config here: https://firebase.google.com/docs/functions/local-emulator"}}
[debug] [2021-02-04T20:31:03.896Z] [worker-~diagnostic~-7afe84f4-ea9c-4189-ab7a-4909afed3514]: exited {"metadata":{"emulator":{"name":"functions"},"message":"[worker-~diagnostic~-7afe84f4-ea9c-4189-ab7a-4909afed3514]: exited"}}
[debug] [2021-02-04T20:31:03.896Z] [worker-~diagnostic~-7afe84f4-ea9c-4189-ab7a-4909afed3514]: FINISHED {"metadata":{"emulator":{"name":"functions"},"message":"[worker-~diagnostic~-7afe84f4-ea9c-4189-ab7a-4909afed3514]: FINISHED"}}
